<?xml version="1.0" encoding="UTF-8"?>
<!-- Generated by org.testng.reporters.JUnitReportReporter -->
<testsuite hostname="LT030552" name="Test.BasicTestIT" tests="1" failures="0" timestamp="12 Jan 2016 13:30:25 GMT" time="6.988" errors="0">
  <testcase name="f" time="6.988" classname="Test.BasicTestIT"/>
</testsuite> <!-- Test.BasicTestIT -->
