<?xml version="1.0" encoding="UTF-8"?>
<!-- Generated by org.testng.reporters.JUnitReportReporter -->
<testsuite hostname="LT030552" name="Test.RegressionTestIT" tests="1" failures="0" timestamp="12 Jan 2016 13:30:25 GMT" time="6.481" errors="0">
  <testcase name="searchTest" time="6.481" classname="Test.RegressionTestIT"/>
</testsuite> <!-- Test.RegressionTestIT -->
