<?xml version="1.0" encoding="UTF-8"?>
<testsuite name="TestSuite" time="13.469" tests="2" errors="0" skipped="0" failures="0">
  <properties>
    <property name="java.vendor" value="Oracle Corporation"/>
    <property name="sun.java.launcher" value="SUN_STANDARD"/>
    <property name="catalina.base" value="D:\workspace\retainone\target\tomcat"/>
    <property name="sun.management.compiler" value="HotSpot Client Compiler"/>
    <property name="catalina.useNaming" value="true"/>
    <property name="os.name" value="Windows 7"/>
    <property name="sun.boot.class.path" value="C:\Program Files\Java\jdk1.8.0_40\jre\lib\resources.jar;C:\Program Files\Java\jdk1.8.0_40\jre\lib\rt.jar;C:\Program Files\Java\jdk1.8.0_40\jre\lib\sunrsasign.jar;C:\Program Files\Java\jdk1.8.0_40\jre\lib\jsse.jar;C:\Program Files\Java\jdk1.8.0_40\jre\lib\jce.jar;C:\Program Files\Java\jdk1.8.0_40\jre\lib\charsets.jar;C:\Program Files\Java\jdk1.8.0_40\jre\lib\jfr.jar;C:\Program Files\Java\jdk1.8.0_40\jre\classes"/>
    <property name="java.util.logging.config.file" value="D:\workspace\retainone\target\tomcat\conf\logging.properties"/>
    <property name="sun.desktop" value="windows"/>
    <property name="java.vm.specification.vendor" value="Oracle Corporation"/>
    <property name="java.runtime.version" value="1.8.0_40-b26"/>
    <property name="user.name" value="226237"/>
    <property name="shared.loader" value=""/>
    <property name="guice.disable.misplaced.annotation.check" value="true"/>
    <property name="tomcat.util.buf.StringCache.byte.enabled" value="true"/>
    <property name="user.language" value="en"/>
    <property name="java.naming.factory.initial" value="org.apache.naming.java.javaURLContextFactory"/>
    <property name="sun.boot.library.path" value="C:\Program Files\Java\jdk1.8.0_40\jre\bin"/>
    <property name="classworlds.conf" value="D:\workspace\.metadata\.plugins\org.eclipse.m2e.launching\launches\m2conf6423916413416897482.tmp"/>
    <property name="java.version" value="1.8.0_40"/>
    <property name="java.util.logging.manager" value="org.apache.juli.ClassLoaderLogManager"/>
    <property name="user.timezone" value="Asia/Calcutta"/>
    <property name="sun.arch.data.model" value="32"/>
    <property name="java.endorsed.dirs" value="C:\Program Files\Java\jdk1.8.0_40\jre\lib\endorsed"/>
    <property name="sun.cpu.isalist" value="pentium_pro+mmx pentium_pro pentium+mmx pentium i486 i386 i86"/>
    <property name="sun.jnu.encoding" value="Cp1252"/>
    <property name="file.encoding.pkg" value="sun.io"/>
    <property name="package.access" value="sun.,org.apache.catalina.,org.apache.coyote.,org.apache.tomcat.,org.apache.jasper."/>
    <property name="file.separator" value="\"/>
    <property name="java.specification.name" value="Java Platform API Specification"/>
    <property name="java.class.version" value="52.0"/>
    <property name="user.country" value="US"/>
    <property name="java.home" value="C:\Program Files\Java\jdk1.8.0_40\jre"/>
    <property name="java.vm.info" value="mixed mode"/>
    <property name="os.version" value="6.1"/>
    <property name="path.separator" value=";"/>
    <property name="java.vm.version" value="25.40-b25"/>
    <property name="user.variant" value=""/>
    <property name="java.awt.printerjob" value="sun.awt.windows.WPrinterJob"/>
    <property name="sun.io.unicode.encoding" value="UnicodeLittle"/>
    <property name="tomcat.util.scan.DefaultJarScanner.jarsToSkip" value="bootstrap.jar,commons-daemon.jar,tomcat-juli.jar,annotations-api.jar,el-api.jar,jsp-api.jar,servlet-api.jar,websocket-api.jar,catalina.jar,catalina-ant.jar,catalina-ha.jar,catalina-tribes.jar,jasper.jar,jasper-el.jar,ecj-*.jar,tomcat-api.jar,tomcat-util.jar,tomcat-coyote.jar,tomcat-dbcp.jar,tomcat-jni.jar,tomcat-spdy.jar,tomcat-i18n-en.jar,tomcat-i18n-es.jar,tomcat-i18n-fr.jar,tomcat-i18n-ja.jar,tomcat-juli-adapters.jar,catalina-jmx-remote.jar,catalina-ws.jar,tomcat-jdbc.jar,tools.jar,commons-beanutils*.jar,commons-codec*.jar,commons-collections*.jar,commons-dbcp*.jar,commons-digester*.jar,commons-fileupload*.jar,commons-httpclient*.jar,commons-io*.jar,commons-lang*.jar,commons-logging*.jar,commons-math*.jar,commons-pool*.jar,jstl.jar,geronimo-spec-jaxrpc*.jar,wsdl4j*.jar,ant.jar,ant-junit*.jar,aspectj*.jar,jmx.jar,h2*.jar,hibernate*.jar,httpclient*.jar,jmx-tools.jar,jta*.jar,log4j.jar,log4j-1*.jar,mail*.jar,slf4j*.jar,xercesImpl.jar,xmlParserAPIs.jar,xml-apis.jar,junit.jar,junit-*.jar,hamcrest*.jar,org.hamcrest*.jar,ant-launcher.jar"/>
    <property name="awt.toolkit" value="sun.awt.windows.WToolkit"/>
    <property name="package.definition" value="sun.,java.,org.apache.catalina.,org.apache.coyote.,org.apache.tomcat.,org.apache.jasper."/>
    <property name="user.script" value=""/>
    <property name="java.naming.factory.url.pkgs" value="org.apache.naming"/>
    <property name="user.home" value="C:\Users\226237"/>
    <property name="org.apache.catalina.startup.ContextConfig.jarsToSkip" value=""/>
    <property name="java.specification.vendor" value="Oracle Corporation"/>
    <property name="java.library.path" value="C:\Program Files\Java\jdk1.8.0_40\jre\bin;C:\windows\Sun\Java\bin;C:\windows\system32;C:\windows;C:/Program Files/Java/jre7/bin/client;C:/Program Files/Java/jre7/bin;C:/Program Files/Java/jre7/lib/i386;C:\windows\system32;C:\windows;C:\windows\System32\Wbem;C:\windows\System32\WindowsPowerShell\v1.0\;C:\Program Files\TortoiseSVN\bin;C:\Program Files\MySQL\MySQL Server 5.5\bin;C:\Program Files\Java\jdk1.7.0_55\bin;C:\apache-maven-3.2.3\bin;D:\Android\android-sdk-windows;D:\Android\android-sdk-windows\build-tools;D:\Android\android-sdk-windows\platform-tools;D:\eclipse\eclipse;;."/>
    <property name="java.vendor.url" value="http://java.oracle.com/"/>
    <property name="org.apache.catalina.startup.TldConfig.jarsToSkip" value="tomcat7-websocket.jar"/>
    <property name="java.vm.vendor" value="Oracle Corporation"/>
    <property name="common.loader" value="${catalina.base}/lib,${catalina.base}/lib/*.jar,${catalina.home}/lib,${catalina.home}/lib/*.jar"/>
    <property name="maven.home" value="C:\apache-maven-3.2.3"/>
    <property name="java.runtime.name" value="Java(TM) SE Runtime Environment"/>
    <property name="sun.java.command" value="org.codehaus.plexus.classworlds.launcher.Launcher -B -s C:\Users\226237\.m2\settings.xml clean verify"/>
    <property name="java.class.path" value="C:\apache-maven-3.2.3\boot\plexus-classworlds-2.5.1.jar"/>
    <property name="java.vm.specification.name" value="Java Virtual Machine Specification"/>
    <property name="java.vm.specification.version" value="1.8"/>
    <property name="catalina.home" value="D:\workspace\retainone\target\tomcat"/>
    <property name="sun.cpu.endian" value="little"/>
    <property name="sun.os.patch.level" value="Service Pack 1"/>
    <property name="java.io.tmpdir" value="C:\Users\226237\AppData\Local\Temp\"/>
    <property name="java.vendor.url.bug" value="http://bugreport.sun.com/bugreport/"/>
    <property name="server.loader" value=""/>
    <property name="os.arch" value="x86"/>
    <property name="java.awt.graphicsenv" value="sun.awt.Win32GraphicsEnvironment"/>
    <property name="java.ext.dirs" value="C:\Program Files\Java\jdk1.8.0_40\jre\lib\ext;C:\windows\Sun\Java\lib\ext"/>
    <property name="user.dir" value="D:\workspace\retainone"/>
    <property name="line.separator" value="&#10;"/>
    <property name="java.vm.name" value="Java HotSpot(TM) Client VM"/>
    <property name="file.encoding" value="Cp1252"/>
    <property name="tomcat.maven.http.port" value="8080"/>
    <property name="java.specification.version" value="1.8"/>
  </properties>
  <testcase name="f" classname="Test.BasicTestIT" time="6.988"/>
  <testcase name="searchTest" classname="Test.RegressionTestIT" time="6.481"/>
</testsuite>