<?xml version="1.0" encoding="UTF-8"?>
<!-- Generated by org.testng.reporters.JUnitReportReporter -->
<testsuite hostname="LT030552" name="Test.ProductsTest" tests="3" failures="0" timestamp="8 Jan 2016 11:33:22 GMT" time="0.009" errors="0">
  <testcase name="testresultsForCamera" time="0.007" classname="Test.ProductsTest"/>
  <testcase name="testresultsForLaptop" time="0.001" classname="Test.ProductsTest"/>
  <testcase name="testresultsForMobile" time="0.001" classname="Test.ProductsTest"/>
</testsuite> <!-- Test.ProductsTest -->
